#
# A fatal error has been detected by the Java Runtime Environment:
#
#  Internal Error (javaCalls.cpp:51), pid=9912, tid=0x0000000000001658
#  guarantee(thread->is_Java_thread()) failed: crucial check - the VM thread cannot and must not escape to Java code
#
# JRE version: Java(TM) SE Runtime Environment (8.0_191-b12) (build 1.8.0_191-b12)
# Java VM: Java HotSpot(TM) 64-Bit Server VM (25.191-b12 mixed mode windows-amd64 compressed oops)
# Failed to write core dump. Minidumps are not enabled by default on client versions of Windows
#
# If you would like to submit a bug report, please visit:
#   http://bugreport.java.com/bugreport/crash.jsp
#

---------------  T H R E A D  ---------------

Current thread (0x000000001c9ea000):  VMThread [stack: 0x000000001e6b0000,0x000000001e7b0000] [id=5720]

Stack: [0x000000001e6b0000,0x000000001e7b0000]
[error occurred during error reporting (printing stack bounds), id 0xc0000005]

Native frames: (J=compiled Java code, j=interpreted, Vv=VM code, C=native code)

VM_Operation (0x000000001f50f5b0): GetOrSetLocal, mode: safepoint, requested by thread 0x000000001e8e5000


---------------  P R O C E S S  ---------------

Java Threads: ( => current thread )
  0x000000001e9c8800 JavaThread "Service Thread" daemon [_thread_blocked, id=12200, stack(0x000000001fb10000,0x000000001fc10000)]
  0x000000001e9c1800 JavaThread "C1 CompilerThread3" daemon [_thread_blocked, id=10336, stack(0x000000001fa10000,0x000000001fb10000)]
  0x000000001e9c1000 JavaThread "C2 CompilerThread2" daemon [_thread_blocked, id=11756, stack(0x000000001f910000,0x000000001fa10000)]
  0x000000001e9be000 JavaThread "C2 CompilerThread1" daemon [_thread_blocked, id=11596, stack(0x000000001f810000,0x000000001f910000)]
  0x000000001e9b9800 JavaThread "C2 CompilerThread0" daemon [_thread_blocked, id=1308, stack(0x000000001f710000,0x000000001f810000)]
  0x000000001e8f5000 JavaThread "JDWP Command Reader" daemon [_thread_in_native, id=11304, stack(0x000000001f610000,0x000000001f710000)]
  0x000000001e8f1800 JavaThread "JDWP Event Helper Thread" daemon [_thread_blocked, id=12052, stack(0x000000001f510000,0x000000001f610000)]
  0x000000001e8e5000 JavaThread "JDWP Transport Listener: dt_socket" daemon [_thread_blocked, id=11936, stack(0x000000001f410000,0x000000001f510000)]
  0x000000001e8d9000 JavaThread "Attach Listener" daemon [_thread_blocked, id=11164, stack(0x000000001efd0000,0x000000001f0d0000)]
  0x000000001e8d8000 JavaThread "Signal Dispatcher" daemon [_thread_blocked, id=11972, stack(0x000000001eed0000,0x000000001efd0000)]
  0x000000001e8d0800 JavaThread "Finalizer" daemon [_thread_blocked, id=11744, stack(0x000000001ecb0000,0x000000001edb0000)]
  0x0000000002f28800 JavaThread "Reference Handler" daemon [_thread_blocked, id=440, stack(0x000000001e7b0000,0x000000001e8b0000)]
  0x0000000002e32800 JavaThread "main" [_thread_blocked, id=9388, stack(0x0000000002af0000,0x0000000002bf0000)]

Other Threads:
=>0x000000001c9ea000 VMThread [stack: 0x000000001e6b0000,0x000000001e7b0000] [id=5720]
  0x000000001eb4b800 WatcherThread [stack: 0x000000001fd70000,0x000000001fe70000] [id=4440]

VM state:at safepoint (normal execution)

VM Mutex/Monitor currently owned by a thread:  ([mutex/lock_event])
[0x0000000002c5dc90] Threads_lock - owner thread: 0x000000001c9ea000

Heap:
 PSYoungGen      total 76288K, used 10523K [0x000000076ae00000, 0x0000000770300000, 0x00000007c0000000)
  eden space 65536K, 16% used [0x000000076ae00000,0x000000076b846d30,0x000000076ee00000)
  from space 10752K, 0% used [0x000000076f880000,0x000000076f880000,0x0000000770300000)
  to   space 10752K, 0% used [0x000000076ee00000,0x000000076ee00000,0x000000076f880000)
 ParOldGen       total 175104K, used 0K [0x00000006c0a00000, 0x00000006cb500000, 0x000000076ae00000)
  object space 175104K, 0% used [0x00000006c0a00000,0x00000006c0a00000,0x00000006cb500000)
 Metaspace       used 5709K, capacity 5854K, committed 6016K, reserved 1056768K
  class space    used 600K, capacity 629K, committed 640K, reserved 1048576K

Card table byte_map: [0x00000000122f0000,0x0000000012af0000] byte_map_base: 0x000000000eceb000

Marking Bits: (ParMarkBitMap*) 0x0000000059693e30
 Begin Bits: [0x0000000013850000, 0x0000000017828000)
 End Bits:   [0x0000000017828000, 0x000000001b800000)

Polling page: 0x0000000001290000

CodeCache: size=245760Kb used=2254Kb max_used=2266Kb free=243505Kb
 bounds [0x0000000002f30000, 0x00000000031a0000, 0x0000000011f30000]
 total_blobs=617 nmethods=325 adapters=213
 compilation: enabled

Compilation events (10 events):
Event: 963.812 Thread 0x000000001e9c1800  322       3       org.eclipse.jdt.launching.internal.org.objectweb.asm.SymbolTable::addConstantNameAndType (137 bytes)
Event: 963.813 Thread 0x000000001e9be000 nmethod 318 0x0000000003123b50 code [0x0000000003123ca0, 0x0000000003123db8]
Event: 963.813 Thread 0x000000001e9c1800 nmethod 322 0x0000000003164e10 code [0x0000000003165020, 0x0000000003165ba8]
Event: 963.813 Thread 0x000000001e9c1800  324       3       org.eclipse.jdt.launching.internal.org.objectweb.asm.Handler::getExceptionTableSize (10 bytes)
Event: 963.813 Thread 0x000000001e9c1800 nmethod 324 0x0000000003164910 code [0x0000000003164a80, 0x0000000003164cd0]
Event: 963.813 Thread 0x000000001e9c1800  323       1       org.eclipse.jdt.launching.internal.org.objectweb.asm.SymbolTable::getSource (5 bytes)
Event: 963.813 Thread 0x000000001e9c1800 nmethod 323 0x0000000003123890 code [0x00000000031239e0, 0x0000000003123af0]
Event: 963.813 Thread 0x000000001e9c1800  325       1       org.eclipse.jdt.launching.internal.org.objectweb.asm.MethodWriter::hasAsmInstructions (5 bytes)
Event: 963.813 Thread 0x000000001e9c1800 nmethod 325 0x0000000003123590 code [0x00000000031236e0, 0x00000000031237f0]
Event: 963.814 Thread 0x000000001e9b9800 nmethod 321 0x0000000003132110 code [0x0000000003132260, 0x00000000031324a8]

GC Heap History (0 events):
No events

Deoptimization events (0 events):
No events

Classes redefined (3 events):
Event: 13.308 Thread 0x000000001c9ea000 redefined class name=barcos.HundirLaFlota, count=1
Event: 949.862 Thread 0x000000001c9ea000 redefined class name=barcos.HundirLaFlota, count=2
Event: 963.819 Thread 0x000000001c9ea000 redefined class name=barcos.HundirLaFlota, count=3

Internal exceptions (7 events):
Event: 0.033 Thread 0x0000000002e32800 Exception <a 'java/lang/NoSuchMethodError': Method sun.misc.Unsafe.defineClass(Ljava/lang/String;[BII)Ljava/lang/Class; name or signature does not match> (0x000000076ae07cb0) thrown at [C:\re\workspace\8-2-build-windows-amd64-cygwin\jdk8u191\11896\hotspot
Event: 0.033 Thread 0x0000000002e32800 Exception <a 'java/lang/NoSuchMethodError': Method sun.misc.Unsafe.prefetchRead(Ljava/lang/Object;J)V name or signature does not match> (0x000000076ae07f98) thrown at [C:\re\workspace\8-2-build-windows-amd64-cygwin\jdk8u191\11896\hotspot\src\share\vm\prim
Event: 0.272 Thread 0x0000000002e32800 Exception <a 'java/io/FileNotFoundException'> (0x000000076b285778) thrown at [C:\re\workspace\8-2-build-windows-amd64-cygwin\jdk8u191\11896\hotspot\src\share\vm\prims\jni.cpp, line 709]
Event: 6.584 Thread 0x0000000002e32800 Exception <a 'java/security/PrivilegedActionException'> (0x000000076b57d2d0) thrown at [C:\re\workspace\8-2-build-windows-amd64-cygwin\jdk8u191\11896\hotspot\src\share\vm\prims\jvm.cpp, line 1435]
Event: 6.584 Thread 0x0000000002e32800 Exception <a 'java/security/PrivilegedActionException'> (0x000000076b57d6c8) thrown at [C:\re\workspace\8-2-build-windows-amd64-cygwin\jdk8u191\11896\hotspot\src\share\vm\prims\jvm.cpp, line 1435]
Event: 6.584 Thread 0x0000000002e32800 Exception <a 'java/security/PrivilegedActionException'> (0x000000076b581520) thrown at [C:\re\workspace\8-2-build-windows-amd64-cygwin\jdk8u191\11896\hotspot\src\share\vm\prims\jvm.cpp, line 1435]
Event: 6.584 Thread 0x0000000002e32800 Exception <a 'java/security/PrivilegedActionException'> (0x000000076b581918) thrown at [C:\re\workspace\8-2-build-windows-amd64-cygwin\jdk8u191\11896\hotspot\src\share\vm\prims\jvm.cpp, line 1435]

Events (10 events):
Event: 963.932 Executing VM operation: GetCurrentContendedMonitor done
Event: 975.104 Executing VM operation: GetCurrentContendedMonitor
Event: 975.104 Executing VM operation: GetCurrentContendedMonitor done
Event: 975.104 Executing VM operation: GetOwnedMonitorInfo
Event: 975.104 Executing VM operation: GetOwnedMonitorInfo done
Event: 1007.348 Executing VM operation: GetCurrentContendedMonitor
Event: 1007.348 Executing VM operation: GetCurrentContendedMonitor done
Event: 1007.348 Executing VM operation: GetOwnedMonitorInfo
Event: 1007.348 Executing VM operation: GetOwnedMonitorInfo done
Event: 1013.002 Executing VM operation: GetOrSetLocal


Dynamic libraries:
0x00007ff605180000 - 0x00007ff6051b7000 	C:\Program Files\Java\jre1.8.0_191\bin\javaw.exe
0x00007fff1adc0000 - 0x00007fff1afad000 	C:\Windows\SYSTEM32\ntdll.dll
0x00007fff19ef0000 - 0x00007fff19fa3000 	C:\Windows\System32\KERNEL32.DLL
0x00007fff17cd0000 - 0x00007fff17f63000 	C:\Windows\System32\KERNELBASE.dll
0x00007fff1a010000 - 0x00007fff1a0b3000 	C:\Windows\System32\ADVAPI32.dll
0x00007fff1aa00000 - 0x00007fff1aa9e000 	C:\Windows\System32\msvcrt.dll
0x00007fff1aab0000 - 0x00007fff1ab4e000 	C:\Windows\System32\sechost.dll
0x00007fff19c20000 - 0x00007fff19d42000 	C:\Windows\System32\RPCRT4.dll
0x00007fff19d50000 - 0x00007fff19ee7000 	C:\Windows\System32\USER32.dll
0x00007fff17a60000 - 0x00007fff17a80000 	C:\Windows\System32\win32u.dll
0x00007fff196f0000 - 0x00007fff19719000 	C:\Windows\System32\GDI32.dll
0x00007fff17b30000 - 0x00007fff17cca000 	C:\Windows\System32\gdi32full.dll
0x00007fff178c0000 - 0x00007fff17960000 	C:\Windows\System32\msvcp_win.dll
0x00007fff17960000 - 0x00007fff17a5c000 	C:\Windows\System32\ucrtbase.dll
0x00007fff03b00000 - 0x00007fff03d79000 	C:\Windows\WinSxS\amd64_microsoft.windows.common-controls_6595b64144ccf1df_6.0.17763.253_none_05b2388e0721fece\COMCTL32.dll
0x00007fff1a0d0000 - 0x00007fff1a3fd000 	C:\Windows\System32\combase.dll
0x00007fff17f70000 - 0x00007fff17fee000 	C:\Windows\System32\bcryptPrimitives.dll
0x00007fff1ab50000 - 0x00007fff1ab7e000 	C:\Windows\System32\IMM32.DLL
0x0000000058bd0000 - 0x0000000058ca2000 	C:\Program Files\Java\jre1.8.0_191\bin\msvcr100.dll
0x0000000058e70000 - 0x0000000059714000 	C:\Program Files\Java\jre1.8.0_191\bin\server\jvm.dll
0x00007fff1a0c0000 - 0x00007fff1a0c8000 	C:\Windows\System32\PSAPI.DLL
0x00007fff14a30000 - 0x00007fff14a54000 	C:\Windows\SYSTEM32\WINMM.dll
0x00007fff136e0000 - 0x00007fff136e9000 	C:\Windows\SYSTEM32\WSOCK32.dll
0x00007fff11220000 - 0x00007fff1122a000 	C:\Windows\SYSTEM32\VERSION.dll
0x00007fff1a4e0000 - 0x00007fff1a54d000 	C:\Windows\System32\WS2_32.dll
0x00007fff14a00000 - 0x00007fff14a2d000 	C:\Windows\SYSTEM32\WINMMBASE.dll
0x00007fff17810000 - 0x00007fff1785a000 	C:\Windows\System32\cfgmgr32.dll
0x0000000058d80000 - 0x0000000058d8f000 	C:\Program Files\Java\jre1.8.0_191\bin\verify.dll
0x0000000058d50000 - 0x0000000058d79000 	C:\Program Files\Java\jre1.8.0_191\bin\java.dll
0x0000000058b90000 - 0x0000000058bc5000 	C:\Program Files\Java\jre1.8.0_191\bin\jdwp.dll
0x0000000058b80000 - 0x0000000058b88000 	C:\Program Files\Java\jre1.8.0_191\bin\npt.dll
0x0000000058b50000 - 0x0000000058b73000 	C:\Program Files\Java\jre1.8.0_191\bin\instrument.dll
0x0000000058d30000 - 0x0000000058d46000 	C:\Program Files\Java\jre1.8.0_191\bin\zip.dll
0x00007fff18150000 - 0x00007fff1963f000 	C:\Windows\System32\SHELL32.dll
0x00007fff19640000 - 0x00007fff196e8000 	C:\Windows\System32\shcore.dll
0x00007fff16ec0000 - 0x00007fff1760a000 	C:\Windows\System32\windows.storage.dll
0x00007fff16e60000 - 0x00007fff16e84000 	C:\Windows\System32\profapi.dll
0x00007fff16dc0000 - 0x00007fff16e1d000 	C:\Windows\System32\powrprof.dll
0x00007fff1ab80000 - 0x00007fff1abd2000 	C:\Windows\System32\shlwapi.dll
0x00007fff16e20000 - 0x00007fff16e31000 	C:\Windows\System32\kernel.appcore.dll
0x00007fff177f0000 - 0x00007fff17807000 	C:\Windows\System32\cryptsp.dll
0x0000000058b40000 - 0x0000000058b49000 	C:\Program Files\Java\jre1.8.0_191\bin\dt_socket.dll
0x00007ffee75b0000 - 0x00007ffee75c6000 	C:\Windows\system32\napinsp.dll
0x00007ffee7590000 - 0x00007ffee75aa000 	C:\Windows\system32\pnrpnsp.dll
0x00007fff16650000 - 0x00007fff166b7000 	C:\Windows\System32\mswsock.dll
0x00007fff163f0000 - 0x00007fff164b6000 	C:\Windows\SYSTEM32\DNSAPI.dll
0x00007fff1aaa0000 - 0x00007fff1aaa8000 	C:\Windows\System32\NSI.dll
0x00007fff163b0000 - 0x00007fff163ed000 	C:\Windows\SYSTEM32\IPHLPAPI.DLL
0x00007ffee7580000 - 0x00007ffee758e000 	C:\Windows\System32\winrnr.dll
0x00007fff136b0000 - 0x00007fff136cb000 	C:\Windows\system32\NLAapi.dll
0x00007fff02140000 - 0x00007fff02155000 	C:\Windows\system32\wshbth.dll
0x00007fff11ab0000 - 0x00007fff11b29000 	C:\Windows\System32\fwpuclnt.dll
0x00007fff16e90000 - 0x00007fff16eb6000 	C:\Windows\System32\bcrypt.dll
0x00007fff0f8a0000 - 0x00007fff0f8aa000 	C:\Windows\System32\rasadhlp.dll

VM Arguments:
jvm_args: -agentlib:jdwp=transport=dt_socket,suspend=y,address=localhost:51718 -javaagent:C:\Users\Javi\eclipse\java-2018-12\eclipse\configuration\org.eclipse.osgi\221\0\.cp\lib\javaagent-shaded.jar -Dfile.encoding=UTF-8 
java_command: barcos.HundirLaFlota
java_class_path (initial): C:\Users\Javi\Desktop\Ciclo DAW\Programación\Tareas\TrabajosEclipse\JUEGO Hundir la flota\bin;C:\Users\Javi\eclipse\java-2018-12\eclipse\configuration\org.eclipse.osgi\221\0\.cp\lib\javaagent-shaded.jar
Launcher Type: SUN_STANDARD

Environment Variables:
PATH=C:/Program Files/Java/jre1.8.0_191/bin/server;C:/Program Files/Java/jre1.8.0_191/bin;C:/Program Files/Java/jre1.8.0_191/lib/amd64;C:\Program Files (x86)\Common Files\Oracle\Java\javapath;C:\Windows\system32;C:\Windows;C:\Windows\System32\Wbem;C:\Windows\System32\WindowsPowerShell\v1.0\;C:\Windows\System32\OpenSSH\;C:\Program Files (x86)\Brackets\command;C:\Users\Javi\AppData\Local\Programs\Python\Python37\Scripts\;C:\Users\Javi\AppData\Local\Programs\Python\Python37\;C:\Users\Javi\AppData\Local\Microsoft\WindowsApps;;C:\Users\Javi\Desktop;
USERNAME=Javi
OS=Windows_NT
PROCESSOR_IDENTIFIER=Intel64 Family 6 Model 58 Stepping 9, GenuineIntel



---------------  S Y S T E M  ---------------

OS: Windows 10.0 , 64 bit Build 17763 (10.0.17763.1)

CPU:total 8 (initial active 8) (4 cores per cpu, 2 threads per core) family 6 model 58 stepping 9, cmov, cx8, fxsr, mmx, sse, sse2, sse3, ssse3, sse4.1, sse4.2, popcnt, avx, aes, clmul, erms, ht, tsc, tscinvbit, tscinv

Memory: 4k page, physical 16728504k(8418428k free), swap 19218872k(5602176k free)

vm_info: Java HotSpot(TM) 64-Bit Server VM (25.191-b12) for windows-amd64 JRE (1.8.0_191-b12), built on Oct  6 2018 09:29:03 by "java_re" with MS VC++ 10.0 (VS2010)

time: Fri Feb 01 20:44:29 2019
elapsed time: 1013 seconds (0d 0h 16m 53s)

